<?xml version="1.0" encoding="UTF-8"?>
<robot generator="Robot 4.1.3 (Python 3.10.2 on win32)" generated="20220310 19:41:00.077" rpa="false" schemaversion="2">
<suite id="s1" name="Tests" source="C:\Users\FlooVeraghtert\Google Drive\Thomas More\Testen\Git\robot_tests-main\Exercise2\tests">
<suite id="s1-s1" name="01 openPageInBrowser" source="C:\Users\FlooVeraghtert\Google Drive\Thomas More\Testen\Git\robot_tests-main\Exercise2\tests\01_openPageInBrowser.robot">
<test id="s1-s1-t1" name="The First Selenium Test">
<kw name="Open Browser" library="SeleniumLibrary">
<arg>http://www.brightest.be</arg>
<arg>Google Chrome</arg>
<doc>Opens a new browser instance to the optional ``url``.</doc>
<msg timestamp="20220310 19:41:00.293" level="INFO">Opening browser 'Google Chrome' to base url 'http://www.brightest.be'.</msg>
<status status="PASS" starttime="20220310 19:41:00.293" endtime="20220310 19:41:05.531"/>
</kw>
<kw name="Sleep" library="BuiltIn">
<arg>5s</arg>
<doc>Pauses the test executed for the given time.</doc>
<msg timestamp="20220310 19:41:10.547" level="INFO">Slept 5 seconds</msg>
<status status="PASS" starttime="20220310 19:41:05.532" endtime="20220310 19:41:10.547"/>
</kw>
<kw name="Close Browser" library="SeleniumLibrary">
<doc>Closes the current browser.</doc>
<status status="PASS" starttime="20220310 19:41:10.548" endtime="20220310 19:41:13.650"/>
</kw>
<status status="PASS" starttime="20220310 19:41:00.292" endtime="20220310 19:41:13.652"/>
</test>
<test id="s1-s1-t2" name="The Selenium Test With Keywords">
<kw name="Open My Website" library="basePage">
<kw name="Open Browser" library="SeleniumLibrary">
<arg>${url}</arg>
<arg>${browser}</arg>
<doc>Opens a new browser instance to the optional ``url``.</doc>
<msg timestamp="20220310 19:41:13.659" level="INFO">Opening browser 'Google Chrome' to base url 'https://tweakers.net'.</msg>
<status status="PASS" starttime="20220310 19:41:13.658" endtime="20220310 19:41:15.097"/>
</kw>
<status status="PASS" starttime="20220310 19:41:13.657" endtime="20220310 19:41:15.097"/>
</kw>
<kw name="Sleep" library="BuiltIn">
<arg>5s</arg>
<doc>Pauses the test executed for the given time.</doc>
<msg timestamp="20220310 19:41:20.099" level="INFO">Slept 5 seconds</msg>
<status status="PASS" starttime="20220310 19:41:15.097" endtime="20220310 19:41:20.099"/>
</kw>
<kw name="Close Browser" library="SeleniumLibrary">
<doc>Closes the current browser.</doc>
<status status="PASS" starttime="20220310 19:41:20.100" endtime="20220310 19:41:22.268"/>
</kw>
<status status="PASS" starttime="20220310 19:41:13.656" endtime="20220310 19:41:22.269"/>
</test>
<status status="PASS" starttime="20220310 19:41:00.108" endtime="20220310 19:41:22.271"/>
</suite>
<suite id="s1-s2" name="02 useSuiteSetupAndTeardown" source="C:\Users\FlooVeraghtert\Google Drive\Thomas More\Testen\Git\robot_tests-main\Exercise2\tests\02_useSuiteSetupAndTeardown.robot">
<kw name="Open My Website" library="basePage" type="SETUP">
<kw name="Open Browser" library="SeleniumLibrary">
<arg>${url}</arg>
<arg>${browser}</arg>
<doc>Opens a new browser instance to the optional ``url``.</doc>
<msg timestamp="20220310 19:41:22.282" level="INFO">Opening browser 'Google Chrome' to base url 'https://tweakers.net'.</msg>
<status status="PASS" starttime="20220310 19:41:22.282" endtime="20220310 19:41:23.744"/>
</kw>
<status status="PASS" starttime="20220310 19:41:22.281" endtime="20220310 19:41:23.744"/>
</kw>
<test id="s1-s2-t1" name="The Third Selenium Test">
<kw name="Sleep" library="BuiltIn">
<arg>5s</arg>
<doc>Pauses the test executed for the given time.</doc>
<msg timestamp="20220310 19:41:28.750" level="INFO">Slept 5 seconds</msg>
<status status="PASS" starttime="20220310 19:41:23.746" endtime="20220310 19:41:28.750"/>
</kw>
<status status="PASS" starttime="20220310 19:41:23.744" endtime="20220310 19:41:28.750"/>
</test>
<kw name="Close Browser" library="SeleniumLibrary" type="TEARDOWN">
<doc>Closes the current browser.</doc>
<status status="PASS" starttime="20220310 19:41:28.752" endtime="20220310 19:41:30.918"/>
</kw>
<status status="PASS" starttime="20220310 19:41:22.274" endtime="20220310 19:41:30.918"/>
</suite>
<suite id="s1-s3" name="03 locateAndInteract" source="C:\Users\FlooVeraghtert\Google Drive\Thomas More\Testen\Git\robot_tests-main\Exercise2\tests\03_locateAndInteract.robot">
<kw name="Open My Website" library="basePage" type="SETUP">
<kw name="Open Browser" library="SeleniumLibrary">
<arg>${url}</arg>
<arg>${browser}</arg>
<doc>Opens a new browser instance to the optional ``url``.</doc>
<msg timestamp="20220310 19:41:30.937" level="INFO">Opening browser 'Google Chrome' to base url 'https://tweakers.net'.</msg>
<status status="PASS" starttime="20220310 19:41:30.936" endtime="20220310 19:41:32.334"/>
</kw>
<status status="PASS" starttime="20220310 19:41:30.936" endtime="20220310 19:41:32.334"/>
</kw>
<test id="s1-s3-t1" name="Selenium Test Locate And Interact">
<kw name="Click Element" library="SeleniumLibrary">
<arg>css:[title="Ja, ik accepteer cookies"]</arg>
<doc>Click the element identified by ``locator``.</doc>
<msg timestamp="20220310 19:41:32.336" level="INFO">Clicking element 'css:[title="Ja, ik accepteer cookies"]'.</msg>
<status status="PASS" starttime="20220310 19:41:32.335" endtime="20220310 19:41:33.592"/>
</kw>
<kw name="Sleep" library="BuiltIn">
<arg>5s</arg>
<doc>Pauses the test executed for the given time.</doc>
<msg timestamp="20220310 19:41:38.595" level="INFO">Slept 5 seconds</msg>
<status status="PASS" starttime="20220310 19:41:33.593" endtime="20220310 19:41:38.595"/>
</kw>
<status status="PASS" starttime="20220310 19:41:32.334" endtime="20220310 19:41:38.595"/>
</test>
<test id="s1-s3-t2" name="Selenium Test Locate And Interact True">
<kw name="Click Element" library="SeleniumLibrary">
<arg>css:#true</arg>
<doc>Click the element identified by ``locator``.</doc>
<msg timestamp="20220310 19:41:38.597" level="INFO">Clicking element 'css:#true'.</msg>
<status status="PASS" starttime="20220310 19:41:38.597" endtime="20220310 19:41:38.698"/>
</kw>
<kw name="Sleep" library="BuiltIn">
<arg>5s</arg>
<doc>Pauses the test executed for the given time.</doc>
<msg timestamp="20220310 19:41:43.708" level="INFO">Slept 5 seconds</msg>
<status status="PASS" starttime="20220310 19:41:38.698" endtime="20220310 19:41:43.708"/>
</kw>
<status status="PASS" starttime="20220310 19:41:38.597" endtime="20220310 19:41:43.709"/>
</test>
<kw name="Close Browser" library="SeleniumLibrary" type="TEARDOWN">
<doc>Closes the current browser.</doc>
<status status="PASS" starttime="20220310 19:41:43.714" endtime="20220310 19:41:45.928"/>
</kw>
<status status="PASS" starttime="20220310 19:41:30.923" endtime="20220310 19:41:45.928"/>
</suite>
<suite id="s1-s4" name="04 locateAndInteractAndVerify" source="C:\Users\FlooVeraghtert\Google Drive\Thomas More\Testen\Git\robot_tests-main\Exercise2\tests\04_locateAndInteractAndVerify.robot">
<kw name="Open My Website" library="basePage" type="SETUP">
<kw name="Open Browser" library="SeleniumLibrary">
<arg>${url}</arg>
<arg>${browser}</arg>
<doc>Opens a new browser instance to the optional ``url``.</doc>
<msg timestamp="20220310 19:41:45.940" level="INFO">Opening browser 'Google Chrome' to base url 'https://tweakers.net'.</msg>
<status status="PASS" starttime="20220310 19:41:45.940" endtime="20220310 19:41:47.349"/>
</kw>
<status status="PASS" starttime="20220310 19:41:45.939" endtime="20220310 19:41:47.350"/>
</kw>
<test id="s1-s4-t1" name="Selenium Test Locate And Interact And Verify">
<kw name="Click Element" library="SeleniumLibrary">
<arg>css:[title="Ja, ik accepteer cookies"]</arg>
<doc>Click the element identified by ``locator``.</doc>
<msg timestamp="20220310 19:41:47.352" level="INFO">Clicking element 'css:[title="Ja, ik accepteer cookies"]'.</msg>
<status status="PASS" starttime="20220310 19:41:47.351" endtime="20220310 19:41:48.900"/>
</kw>
<kw name="Get Text" library="SeleniumLibrary">
<var>${text}</var>
<arg>xpath://a[@class='smartphones']</arg>
<doc>Returns the text value of the element identified by ``locator``.</doc>
<msg timestamp="20220310 19:41:48.935" level="INFO">${text} = Beste smartphones »</msg>
<status status="PASS" starttime="20220310 19:41:48.901" endtime="20220310 19:41:48.935"/>
</kw>
<kw name="Should Contain" library="BuiltIn">
<arg>${text}</arg>
<arg>Beste</arg>
<doc>Fails if ``container`` does not contain ``item`` one or more times.</doc>
<status status="PASS" starttime="20220310 19:41:48.936" endtime="20220310 19:41:48.936"/>
</kw>
<status status="PASS" starttime="20220310 19:41:47.350" endtime="20220310 19:41:48.936"/>
</test>
<kw name="Close Browser" library="SeleniumLibrary" type="TEARDOWN">
<doc>Closes the current browser.</doc>
<status status="PASS" starttime="20220310 19:41:48.938" endtime="20220310 19:41:51.099"/>
</kw>
<status status="PASS" starttime="20220310 19:41:45.932" endtime="20220310 19:41:51.099"/>
</suite>
<status status="PASS" starttime="20220310 19:41:00.080" endtime="20220310 19:41:51.104"/>
</suite>
<statistics>
<total>
<stat pass="6" fail="0" skip="0">All Tests</stat>
</total>
<tag>
</tag>
<suite>
<stat pass="6" fail="0" skip="0" id="s1" name="Tests">Tests</stat>
<stat pass="2" fail="0" skip="0" id="s1-s1" name="01 openPageInBrowser">Tests.01 openPageInBrowser</stat>
<stat pass="1" fail="0" skip="0" id="s1-s2" name="02 useSuiteSetupAndTeardown">Tests.02 useSuiteSetupAndTeardown</stat>
<stat pass="2" fail="0" skip="0" id="s1-s3" name="03 locateAndInteract">Tests.03 locateAndInteract</stat>
<stat pass="1" fail="0" skip="0" id="s1-s4" name="04 locateAndInteractAndVerify">Tests.04 locateAndInteractAndVerify</stat>
</suite>
</statistics>
<errors>
</errors>
</robot>
