<?xml version="1.0" encoding="UTF-8"?>
<robot generator="Robot 4.1.3 (Python 3.10.2 on win32)" generated="20220313 12:14:21.488" rpa="false" schemaversion="2">
<suite id="s1" name="Tests" source="C:\Users\FlooVeraghtert\Google Drive\Thomas More\Testen\Git\robot_tests-main\Exercise4\tests">
<suite id="s1-s1" name="01 signInTest" source="C:\Users\FlooVeraghtert\Google Drive\Thomas More\Testen\Git\robot_tests-main\Exercise4\tests\01_signInTest.robot">
<kw name="Open My Website and go to Account" library="basePage" type="SETUP">
<kw name="Open My Website" library="basePage">
<kw name="Open Browser" library="SeleniumLibrary">
<arg>${url}</arg>
<arg>${browser}</arg>
<doc>Opens a new browser instance to the optional ``url``.</doc>
<msg timestamp="20220313 12:14:22.269" level="INFO">Opening browser 'Google Chrome' to base url 'http://practice.automationtesting.in/'.</msg>
<status status="PASS" starttime="20220313 12:14:22.269" endtime="20220313 12:14:31.849"/>
</kw>
<status status="PASS" starttime="20220313 12:14:22.269" endtime="20220313 12:14:31.849"/>
</kw>
<kw name="Navigate To Account" library="basePage">
<kw name="Click Link" library="SeleniumLibrary">
<arg>css:a[href='http://practice.automationtesting.in/my-account/']</arg>
<doc>Clicks a link identified by ``locator``.</doc>
<msg timestamp="20220313 12:14:31.853" level="INFO">Clicking link 'css:a[href='http://practice.automationtesting.in/my-account/']'.</msg>
<status status="PASS" starttime="20220313 12:14:31.851" endtime="20220313 12:14:36.788"/>
</kw>
<status status="PASS" starttime="20220313 12:14:31.850" endtime="20220313 12:14:36.789"/>
</kw>
<status status="PASS" starttime="20220313 12:14:22.269" endtime="20220313 12:14:36.789"/>
</kw>
<test id="s1-s1-t1" name="Login without email">
<kw name="Fill in login password" library="signInPage">
<arg>somepassword</arg>
<kw name="Input Text" library="SeleniumLibrary">
<arg>${LOGIN_PASS}</arg>
<arg>${login}</arg>
<doc>Types the given ``text`` into the text field identified by ``locator``.</doc>
<msg timestamp="20220313 12:14:36.791" level="INFO">Typing text 'somepassword' into text field 'css:#password'.</msg>
<status status="PASS" starttime="20220313 12:14:36.790" endtime="20220313 12:14:36.958"/>
</kw>
<status status="PASS" starttime="20220313 12:14:36.790" endtime="20220313 12:14:36.958"/>
</kw>
<kw name="Login and get error code" library="signInPage">
<var>${error}</var>
<kw name="Login" library="signInPage">
<kw name="Click Button" library="SeleniumLibrary">
<arg>css:input[value='Login']</arg>
<doc>Clicks the button identified by ``locator``.</doc>
<msg timestamp="20220313 12:14:36.959" level="INFO">Clicking button 'css:input[value='Login']'.</msg>
<status status="PASS" starttime="20220313 12:14:36.959" endtime="20220313 12:14:39.285"/>
</kw>
<status status="PASS" starttime="20220313 12:14:36.959" endtime="20220313 12:14:39.285"/>
</kw>
<kw name="Get Text" library="SeleniumLibrary">
<var>${error}</var>
<arg>xpath://div[@id='body']//li[1]</arg>
<doc>Returns the text value of the element identified by ``locator``.</doc>
<msg timestamp="20220313 12:14:39.312" level="INFO">${error} = Error: Username is required.</msg>
<status status="PASS" starttime="20220313 12:14:39.286" endtime="20220313 12:14:39.312"/>
</kw>
<kw name="Log" library="BuiltIn">
<arg>${error}</arg>
<doc>Logs the given message with the given level.</doc>
<msg timestamp="20220313 12:14:39.313" level="INFO">Error: Username is required.</msg>
<status status="PASS" starttime="20220313 12:14:39.313" endtime="20220313 12:14:39.313"/>
</kw>
<msg timestamp="20220313 12:14:39.313" level="INFO">${error} = Error: Username is required.</msg>
<status status="PASS" starttime="20220313 12:14:36.958" endtime="20220313 12:14:39.313"/>
</kw>
<kw name="Should Be Equal" library="BuiltIn">
<arg>${error}</arg>
<arg>Error: Username is required.</arg>
<doc>Fails if the given objects are unequal.</doc>
<status status="PASS" starttime="20220313 12:14:39.314" endtime="20220313 12:14:39.314"/>
</kw>
<status status="PASS" starttime="20220313 12:14:36.789" endtime="20220313 12:14:39.315"/>
</test>
<test id="s1-s1-t2" name="Login with unexisting account">
<kw name="Clear Element Text" library="SeleniumLibrary">
<arg>${LOGIN_USER}</arg>
<doc>Clears the value of the text-input-element identified by ``locator``.</doc>
<status status="PASS" starttime="20220313 12:14:39.317" endtime="20220313 12:14:39.421"/>
</kw>
<kw name="Clear Element Text" library="SeleniumLibrary">
<arg>${LOGIN_PASS}</arg>
<doc>Clears the value of the text-input-element identified by ``locator``.</doc>
<status status="PASS" starttime="20220313 12:14:39.421" endtime="20220313 12:14:39.463"/>
</kw>
<kw name="Fill in login username" library="signInPage">
<arg>dflkdfkldf</arg>
<kw name="Input Text" library="SeleniumLibrary">
<arg>${LOGIN_USER}</arg>
<arg>${login}</arg>
<doc>Types the given ``text`` into the text field identified by ``locator``.</doc>
<msg timestamp="20220313 12:14:39.464" level="INFO">Typing text 'dflkdfkldf' into text field 'css:#username'.</msg>
<status status="PASS" starttime="20220313 12:14:39.464" endtime="20220313 12:14:39.543"/>
</kw>
<status status="PASS" starttime="20220313 12:14:39.464" endtime="20220313 12:14:39.543"/>
</kw>
<kw name="Fill in login password" library="signInPage">
<arg>sdklfbkjfdnk</arg>
<kw name="Input Text" library="SeleniumLibrary">
<arg>${LOGIN_PASS}</arg>
<arg>${login}</arg>
<doc>Types the given ``text`` into the text field identified by ``locator``.</doc>
<msg timestamp="20220313 12:14:39.544" level="INFO">Typing text 'sdklfbkjfdnk' into text field 'css:#password'.</msg>
<status status="PASS" starttime="20220313 12:14:39.543" endtime="20220313 12:14:39.620"/>
</kw>
<status status="PASS" starttime="20220313 12:14:39.543" endtime="20220313 12:14:39.620"/>
</kw>
<kw name="Login and get error code" library="signInPage">
<var>${error}</var>
<kw name="Login" library="signInPage">
<kw name="Click Button" library="SeleniumLibrary">
<arg>css:input[value='Login']</arg>
<doc>Clicks the button identified by ``locator``.</doc>
<msg timestamp="20220313 12:14:39.621" level="INFO">Clicking button 'css:input[value='Login']'.</msg>
<status status="PASS" starttime="20220313 12:14:39.621" endtime="20220313 12:14:41.907"/>
</kw>
<status status="PASS" starttime="20220313 12:14:39.620" endtime="20220313 12:14:41.907"/>
</kw>
<kw name="Get Text" library="SeleniumLibrary">
<var>${error}</var>
<arg>xpath://div[@id='body']//li[1]</arg>
<doc>Returns the text value of the element identified by ``locator``.</doc>
<msg timestamp="20220313 12:14:41.938" level="INFO">${error} = ERROR: Invalid username. Lost your password?</msg>
<status status="PASS" starttime="20220313 12:14:41.908" endtime="20220313 12:14:41.938"/>
</kw>
<kw name="Log" library="BuiltIn">
<arg>${error}</arg>
<doc>Logs the given message with the given level.</doc>
<msg timestamp="20220313 12:14:41.938" level="INFO">ERROR: Invalid username. Lost your password?</msg>
<status status="PASS" starttime="20220313 12:14:41.938" endtime="20220313 12:14:41.938"/>
</kw>
<msg timestamp="20220313 12:14:41.939" level="INFO">${error} = ERROR: Invalid username. Lost your password?</msg>
<status status="PASS" starttime="20220313 12:14:39.620" endtime="20220313 12:14:41.939"/>
</kw>
<kw name="Should Be Equal" library="BuiltIn">
<arg>${error}</arg>
<arg>ERROR: Invalid username. Lost your password?</arg>
<doc>Fails if the given objects are unequal.</doc>
<status status="PASS" starttime="20220313 12:14:41.940" endtime="20220313 12:14:41.941"/>
</kw>
<status status="PASS" starttime="20220313 12:14:39.316" endtime="20220313 12:14:41.941"/>
</test>
<test id="s1-s1-t3" name="Login without password">
<kw name="Clear Element Text" library="SeleniumLibrary">
<arg>${LOGIN_USER}</arg>
<doc>Clears the value of the text-input-element identified by ``locator``.</doc>
<status status="PASS" starttime="20220313 12:14:41.943" endtime="20220313 12:14:42.070"/>
</kw>
<kw name="Clear Element Text" library="SeleniumLibrary">
<arg>${LOGIN_PASS}</arg>
<doc>Clears the value of the text-input-element identified by ``locator``.</doc>
<status status="PASS" starttime="20220313 12:14:42.071" endtime="20220313 12:14:42.111"/>
</kw>
<kw name="Fill in login username" library="signInPage">
<arg>dfklfdklfdklvmnb</arg>
<kw name="Input Text" library="SeleniumLibrary">
<arg>${LOGIN_USER}</arg>
<arg>${login}</arg>
<doc>Types the given ``text`` into the text field identified by ``locator``.</doc>
<msg timestamp="20220313 12:14:42.112" level="INFO">Typing text 'dfklfdklfdklvmnb' into text field 'css:#username'.</msg>
<status status="PASS" starttime="20220313 12:14:42.112" endtime="20220313 12:14:42.200"/>
</kw>
<status status="PASS" starttime="20220313 12:14:42.112" endtime="20220313 12:14:42.201"/>
</kw>
<kw name="Login and get error code" library="signInPage">
<var>${error}</var>
<kw name="Login" library="signInPage">
<kw name="Click Button" library="SeleniumLibrary">
<arg>css:input[value='Login']</arg>
<doc>Clicks the button identified by ``locator``.</doc>
<msg timestamp="20220313 12:14:42.202" level="INFO">Clicking button 'css:input[value='Login']'.</msg>
<status status="PASS" starttime="20220313 12:14:42.202" endtime="20220313 12:14:44.095"/>
</kw>
<status status="PASS" starttime="20220313 12:14:42.201" endtime="20220313 12:14:44.095"/>
</kw>
<kw name="Get Text" library="SeleniumLibrary">
<var>${error}</var>
<arg>xpath://div[@id='body']//li[1]</arg>
<doc>Returns the text value of the element identified by ``locator``.</doc>
<msg timestamp="20220313 12:14:44.367" level="INFO">${error} = Error: Password is required.</msg>
<status status="PASS" starttime="20220313 12:14:44.095" endtime="20220313 12:14:44.367"/>
</kw>
<kw name="Log" library="BuiltIn">
<arg>${error}</arg>
<doc>Logs the given message with the given level.</doc>
<msg timestamp="20220313 12:14:44.367" level="INFO">Error: Password is required.</msg>
<status status="PASS" starttime="20220313 12:14:44.367" endtime="20220313 12:14:44.367"/>
</kw>
<msg timestamp="20220313 12:14:44.368" level="INFO">${error} = Error: Password is required.</msg>
<status status="PASS" starttime="20220313 12:14:42.201" endtime="20220313 12:14:44.368"/>
</kw>
<kw name="Should Be Equal" library="BuiltIn">
<arg>${error}</arg>
<arg>Error: Password is required.</arg>
<doc>Fails if the given objects are unequal.</doc>
<status status="PASS" starttime="20220313 12:14:44.368" endtime="20220313 12:14:44.369"/>
</kw>
<status status="PASS" starttime="20220313 12:14:41.942" endtime="20220313 12:14:44.369"/>
</test>
<kw name="Close Browser" library="SeleniumLibrary" type="TEARDOWN">
<doc>Closes the current browser.</doc>
<status status="PASS" starttime="20220313 12:14:44.371" endtime="20220313 12:14:46.660"/>
</kw>
<status status="PASS" starttime="20220313 12:14:21.537" endtime="20220313 12:14:46.660"/>
</suite>
<status status="PASS" starttime="20220313 12:14:21.490" endtime="20220313 12:14:46.671"/>
</suite>
<statistics>
<total>
<stat pass="3" fail="0" skip="0">All Tests</stat>
</total>
<tag>
</tag>
<suite>
<stat pass="3" fail="0" skip="0" id="s1" name="Tests">Tests</stat>
<stat pass="3" fail="0" skip="0" id="s1-s1" name="01 signInTest">Tests.01 signInTest</stat>
</suite>
</statistics>
<errors>
</errors>
</robot>
